<?xml version="1.0" encoding="UTF-8"?>
<robot generator="Robot 6.0.2 (Python 3.9.10 on win32)" generated="20230520 15:39:01.023" rpa="false" schemaversion="3">
<suite id="s1" name="Rpa Caisse" source="E:\maa_code\RPA_CAISSE\test\rpa_caisse.robot">
<kw name="Connect To Database" library="DatabaseLibrary" type="SETUP">
<arg>psycopg2</arg>
<arg>${DBName}</arg>
<arg>${DBUser}</arg>
<arg>${DBPass}</arg>
<arg>${DBHost}</arg>
<arg>${DBPort}</arg>
<doc>Loads the DB API 2.0 module given `dbapiModuleName` then uses it to
connect to the database using `dbName`, `dbUsername`, and `dbPassword`.</doc>
<msg timestamp="20230520 15:39:01.812" level="INFO">Connecting using : psycopg2.connect(database=rpa_caisse_db, user=postgres, password=postgres, host=localhost, port=5432) </msg>
<status status="PASS" starttime="20230520 15:39:01.792" endtime="20230520 15:39:01.866"/>
</kw>
<test id="s1-t1" name="RPA CAISSE" line="48">
<kw name="Lire le fichier Excel">
<var>${nom_responsable}</var>
<arg>${chemin}</arg>
<arg>${feuille}</arg>
<arg>3</arg>
<arg>3</arg>
<doc>Lire le fichier excel et recuperer les données neccessaires</doc>
<kw name="Open Excel Document" library="ExcelLibrary">
<arg>${chemin}</arg>
<arg>1</arg>
<doc>Opens xlsx document file.</doc>
<status status="PASS" starttime="20230520 15:39:01.869" endtime="20230520 15:39:01.899"/>
</kw>
<kw name="Get Sheet" library="ExcelLibrary">
<arg>${feuille}</arg>
<doc>Returns a page from the current document.</doc>
<status status="PASS" starttime="20230520 15:39:01.899" endtime="20230520 15:39:01.899"/>
</kw>
<kw name="Read Excel Cell" library="ExcelLibrary">
<var>${value}</var>
<arg>${ligne}</arg>
<arg>${colonne}</arg>
<doc>Returns content of a cell.</doc>
<msg timestamp="20230520 15:39:01.900" level="INFO">${value} = Romeo BEYARA</msg>
<status status="PASS" starttime="20230520 15:39:01.900" endtime="20230520 15:39:01.900"/>
</kw>
<kw name="Close All Excel Documents" library="ExcelLibrary">
<doc>Closes all opened documents.</doc>
<status status="PASS" starttime="20230520 15:39:01.900" endtime="20230520 15:39:01.900"/>
</kw>
<msg timestamp="20230520 15:39:01.900" level="INFO">${nom_responsable} = Romeo BEYARA</msg>
<status status="PASS" starttime="20230520 15:39:01.868" endtime="20230520 15:39:01.901"/>
</kw>
<kw name="Lire le fichier Excel">
<var>${email_responsable}</var>
<arg>${chemin}</arg>
<arg>${feuille}</arg>
<arg>4</arg>
<arg>3</arg>
<doc>Lire le fichier excel et recuperer les données neccessaires</doc>
<kw name="Open Excel Document" library="ExcelLibrary">
<arg>${chemin}</arg>
<arg>1</arg>
<doc>Opens xlsx document file.</doc>
<status status="PASS" starttime="20230520 15:39:01.901" endtime="20230520 15:39:01.917"/>
</kw>
<kw name="Get Sheet" library="ExcelLibrary">
<arg>${feuille}</arg>
<doc>Returns a page from the current document.</doc>
<status status="PASS" starttime="20230520 15:39:01.917" endtime="20230520 15:39:01.918"/>
</kw>
<kw name="Read Excel Cell" library="ExcelLibrary">
<var>${value}</var>
<arg>${ligne}</arg>
<arg>${colonne}</arg>
<doc>Returns content of a cell.</doc>
<msg timestamp="20230520 15:39:01.918" level="INFO">${value} = romeo.beyara@eburtis.ci</msg>
<status status="PASS" starttime="20230520 15:39:01.918" endtime="20230520 15:39:01.918"/>
</kw>
<kw name="Close All Excel Documents" library="ExcelLibrary">
<doc>Closes all opened documents.</doc>
<status status="PASS" starttime="20230520 15:39:01.918" endtime="20230520 15:39:01.918"/>
</kw>
<msg timestamp="20230520 15:39:01.919" level="INFO">${email_responsable} = romeo.beyara@eburtis.ci</msg>
<status status="PASS" starttime="20230520 15:39:01.901" endtime="20230520 15:39:01.919"/>
</kw>
<kw name="Lire le fichier Excel">
<var>${date}</var>
<arg>${chemin}</arg>
<arg>${feuille}</arg>
<arg>5</arg>
<arg>3</arg>
<doc>Lire le fichier excel et recuperer les données neccessaires</doc>
<kw name="Open Excel Document" library="ExcelLibrary">
<arg>${chemin}</arg>
<arg>1</arg>
<doc>Opens xlsx document file.</doc>
<status status="PASS" starttime="20230520 15:39:01.920" endtime="20230520 15:39:01.935"/>
</kw>
<kw name="Get Sheet" library="ExcelLibrary">
<arg>${feuille}</arg>
<doc>Returns a page from the current document.</doc>
<status status="PASS" starttime="20230520 15:39:01.936" endtime="20230520 15:39:01.937"/>
</kw>
<kw name="Read Excel Cell" library="ExcelLibrary">
<var>${value}</var>
<arg>${ligne}</arg>
<arg>${colonne}</arg>
<doc>Returns content of a cell.</doc>
<msg timestamp="20230520 15:39:01.937" level="INFO">${value} = 2023-05-19 00:00:00</msg>
<status status="PASS" starttime="20230520 15:39:01.937" endtime="20230520 15:39:01.937"/>
</kw>
<kw name="Close All Excel Documents" library="ExcelLibrary">
<doc>Closes all opened documents.</doc>
<status status="PASS" starttime="20230520 15:39:01.937" endtime="20230520 15:39:01.937"/>
</kw>
<msg timestamp="20230520 15:39:01.938" level="INFO">${date} = 2023-05-19 00:00:00</msg>
<status status="PASS" starttime="20230520 15:39:01.919" endtime="20230520 15:39:01.938"/>
</kw>
<kw name="Lire le fichier Excel">
<var>${montant_carte_bancaire}</var>
<arg>${chemin}</arg>
<arg>${feuille}</arg>
<arg>11</arg>
<arg>4</arg>
<doc>Lire le fichier excel et recuperer les données neccessaires</doc>
<kw name="Open Excel Document" library="ExcelLibrary">
<arg>${chemin}</arg>
<arg>1</arg>
<doc>Opens xlsx document file.</doc>
<status status="PASS" starttime="20230520 15:39:01.938" endtime="20230520 15:39:01.955"/>
</kw>
<kw name="Get Sheet" library="ExcelLibrary">
<arg>${feuille}</arg>
<doc>Returns a page from the current document.</doc>
<status status="PASS" starttime="20230520 15:39:01.955" endtime="20230520 15:39:01.956"/>
</kw>
<kw name="Read Excel Cell" library="ExcelLibrary">
<var>${value}</var>
<arg>${ligne}</arg>
<arg>${colonne}</arg>
<doc>Returns content of a cell.</doc>
<msg timestamp="20230520 15:39:01.956" level="INFO">${value} = 12000</msg>
<status status="PASS" starttime="20230520 15:39:01.956" endtime="20230520 15:39:01.956"/>
</kw>
<kw name="Close All Excel Documents" library="ExcelLibrary">
<doc>Closes all opened documents.</doc>
<status status="PASS" starttime="20230520 15:39:01.956" endtime="20230520 15:39:01.957"/>
</kw>
<msg timestamp="20230520 15:39:01.957" level="INFO">${montant_carte_bancaire} = 12000</msg>
<status status="PASS" starttime="20230520 15:39:01.938" endtime="20230520 15:39:01.957"/>
</kw>
<kw name="Lire le fichier Excel">
<var>${montant_espece}</var>
<arg>${chemin}</arg>
<arg>${feuille}</arg>
<arg>12</arg>
<arg>4</arg>
<doc>Lire le fichier excel et recuperer les données neccessaires</doc>
<kw name="Open Excel Document" library="ExcelLibrary">
<arg>${chemin}</arg>
<arg>1</arg>
<doc>Opens xlsx document file.</doc>
<status status="PASS" starttime="20230520 15:39:01.957" endtime="20230520 15:39:01.972"/>
</kw>
<kw name="Get Sheet" library="ExcelLibrary">
<arg>${feuille}</arg>
<doc>Returns a page from the current document.</doc>
<status status="PASS" starttime="20230520 15:39:01.973" endtime="20230520 15:39:01.973"/>
</kw>
<kw name="Read Excel Cell" library="ExcelLibrary">
<var>${value}</var>
<arg>${ligne}</arg>
<arg>${colonne}</arg>
<doc>Returns content of a cell.</doc>
<msg timestamp="20230520 15:39:01.974" level="INFO">${value} = 5000</msg>
<status status="PASS" starttime="20230520 15:39:01.973" endtime="20230520 15:39:01.974"/>
</kw>
<kw name="Close All Excel Documents" library="ExcelLibrary">
<doc>Closes all opened documents.</doc>
<status status="PASS" starttime="20230520 15:39:01.974" endtime="20230520 15:39:01.974"/>
</kw>
<msg timestamp="20230520 15:39:01.974" level="INFO">${montant_espece} = 5000</msg>
<status status="PASS" starttime="20230520 15:39:01.957" endtime="20230520 15:39:01.974"/>
</kw>
<kw name="Lire le fichier Excel">
<var>${montant_ticket_restaurant}</var>
<arg>${chemin}</arg>
<arg>${feuille}</arg>
<arg>13</arg>
<arg>4</arg>
<doc>Lire le fichier excel et recuperer les données neccessaires</doc>
<kw name="Open Excel Document" library="ExcelLibrary">
<arg>${chemin}</arg>
<arg>1</arg>
<doc>Opens xlsx document file.</doc>
<status status="PASS" starttime="20230520 15:39:01.975" endtime="20230520 15:39:01.991"/>
</kw>
<kw name="Get Sheet" library="ExcelLibrary">
<arg>${feuille}</arg>
<doc>Returns a page from the current document.</doc>
<status status="PASS" starttime="20230520 15:39:01.992" endtime="20230520 15:39:01.992"/>
</kw>
<kw name="Read Excel Cell" library="ExcelLibrary">
<var>${value}</var>
<arg>${ligne}</arg>
<arg>${colonne}</arg>
<doc>Returns content of a cell.</doc>
<msg timestamp="20230520 15:39:01.993" level="INFO">${value} = 1000</msg>
<status status="PASS" starttime="20230520 15:39:01.992" endtime="20230520 15:39:01.993"/>
</kw>
<kw name="Close All Excel Documents" library="ExcelLibrary">
<doc>Closes all opened documents.</doc>
<status status="PASS" starttime="20230520 15:39:01.993" endtime="20230520 15:39:01.993"/>
</kw>
<msg timestamp="20230520 15:39:01.993" level="INFO">${montant_ticket_restaurant} = 1000</msg>
<status status="PASS" starttime="20230520 15:39:01.975" endtime="20230520 15:39:01.993"/>
</kw>
<kw name="Lire le fichier Excel">
<var>${montant_prelevement}</var>
<arg>${chemin}</arg>
<arg>${feuille}</arg>
<arg>15</arg>
<arg>4</arg>
<doc>Lire le fichier excel et recuperer les données neccessaires</doc>
<kw name="Open Excel Document" library="ExcelLibrary">
<arg>${chemin}</arg>
<arg>1</arg>
<doc>Opens xlsx document file.</doc>
<status status="PASS" starttime="20230520 15:39:01.994" endtime="20230520 15:39:02.009"/>
</kw>
<kw name="Get Sheet" library="ExcelLibrary">
<arg>${feuille}</arg>
<doc>Returns a page from the current document.</doc>
<status status="PASS" starttime="20230520 15:39:02.010" endtime="20230520 15:39:02.011"/>
</kw>
<kw name="Read Excel Cell" library="ExcelLibrary">
<var>${value}</var>
<arg>${ligne}</arg>
<arg>${colonne}</arg>
<doc>Returns content of a cell.</doc>
<msg timestamp="20230520 15:39:02.011" level="INFO">${value} = 14000</msg>
<status status="PASS" starttime="20230520 15:39:02.011" endtime="20230520 15:39:02.012"/>
</kw>
<kw name="Close All Excel Documents" library="ExcelLibrary">
<doc>Closes all opened documents.</doc>
<status status="PASS" starttime="20230520 15:39:02.012" endtime="20230520 15:39:02.012"/>
</kw>
<msg timestamp="20230520 15:39:02.012" level="INFO">${montant_prelevement} = 14000</msg>
<status status="PASS" starttime="20230520 15:39:01.994" endtime="20230520 15:39:02.012"/>
</kw>
<kw name="Lire le fichier Excel">
<var>${montant_apport_monnaie}</var>
<arg>${chemin}</arg>
<arg>${feuille}</arg>
<arg>16</arg>
<arg>4</arg>
<doc>Lire le fichier excel et recuperer les données neccessaires</doc>
<kw name="Open Excel Document" library="ExcelLibrary">
<arg>${chemin}</arg>
<arg>1</arg>
<doc>Opens xlsx document file.</doc>
<status status="PASS" starttime="20230520 15:39:02.013" endtime="20230520 15:39:02.029"/>
</kw>
<kw name="Get Sheet" library="ExcelLibrary">
<arg>${feuille}</arg>
<doc>Returns a page from the current document.</doc>
<status status="PASS" starttime="20230520 15:39:02.029" endtime="20230520 15:39:02.030"/>
</kw>
<kw name="Read Excel Cell" library="ExcelLibrary">
<var>${value}</var>
<arg>${ligne}</arg>
<arg>${colonne}</arg>
<doc>Returns content of a cell.</doc>
<msg timestamp="20230520 15:39:02.030" level="INFO">${value} = 3000</msg>
<status status="PASS" starttime="20230520 15:39:02.030" endtime="20230520 15:39:02.030"/>
</kw>
<kw name="Close All Excel Documents" library="ExcelLibrary">
<doc>Closes all opened documents.</doc>
<status status="PASS" starttime="20230520 15:39:02.030" endtime="20230520 15:39:02.030"/>
</kw>
<msg timestamp="20230520 15:39:02.031" level="INFO">${montant_apport_monnaie} = 3000</msg>
<status status="PASS" starttime="20230520 15:39:02.013" endtime="20230520 15:39:02.031"/>
</kw>
<kw name="Insertion dans la base de donnee">
<arg>${nom_responsable}</arg>
<arg>${email_responsable}</arg>
<arg>${date}</arg>
<arg>${montant_carte_bancaire}</arg>
<arg>${montant_espece}</arg>
<arg>${montant_ticket_restaurant}</arg>
<arg>${montant_prelevement}</arg>
<arg>${montant_apport_monnaie}</arg>
<doc>Insertion des données dans la base de donnée</doc>
<kw name="Catenate" library="BuiltIn">
<var>${query}</var>
<arg>INSERT INTO</arg>
<arg>rapport_journalier (nom_responsable, email_responsable, date, montant_carte_bancaire, montant_espece, montant_ticket_restaurant, montant_prelevement, montant_monnaie ) VALUES ('${nom_responsable}','${email_responsable}','${date}','${montant_carte_bancaire}','${montant_espece}','${montant_ticket_restaurant}','${montant_prelevement}','${montant_apport_monnaie}')</arg>
<doc>Catenates the given items together and returns the resulted string.</doc>
<msg timestamp="20230520 15:39:02.032" level="INFO">${query} = INSERT INTO rapport_journalier (nom_responsable, email_responsable, date, montant_carte_bancaire, montant_espece, montant_ticket_restaurant, montant_prelevement, montant_monnaie ) VALUES ('Romeo BEYAR...</msg>
<status status="PASS" starttime="20230520 15:39:02.032" endtime="20230520 15:39:02.032"/>
</kw>
<kw name="Execute Sql String" library="DatabaseLibrary">
<arg>${query}</arg>
<doc>Executes the sqlString as SQL commands. Useful to pass arguments to your sql. Set optional input `sansTran` to
True to run command without an explicit transaction commit or rollback.</doc>
<msg timestamp="20230520 15:39:02.033" level="INFO">Executing : Execute SQL String  |  INSERT INTO rapport_journalier (nom_responsable, email_responsable, date, montant_carte_bancaire, montant_espece, montant_ticket_restaurant, montant_prelevement, montant_monnaie ) VALUES ('Romeo BEYARA','romeo.beyara@eburtis.ci','2023-05-19 00:00:00','12000','5000','1000','14000','3000') </msg>
<status status="PASS" starttime="20230520 15:39:02.032" endtime="20230520 15:39:02.036"/>
</kw>
<status status="PASS" starttime="20230520 15:39:02.031" endtime="20230520 15:39:02.036"/>
</kw>
<kw name="Vérification des montants">
<var>${solde}</var>
<arg>${montant_carte_bancaire}</arg>
<arg>${montant_espece}</arg>
<arg>${montant_ticket_restaurant}</arg>
<arg>${montant_prelevement}</arg>
<arg>${montant_apport_monnaie}</arg>
<doc>Vérification du solde selon la regles "carte bancaire + espèces + ticket restaurant = prélèvement - apport monnaie".</doc>
<kw name="Evaluate" library="BuiltIn">
<var>${montant_total}</var>
<arg>${montant_carte_bancaire}+${montant_espece}+${montant_ticket_restaurant}</arg>
<doc>Evaluates the given expression in Python and returns the result.</doc>
<msg timestamp="20230520 15:39:02.039" level="INFO">${montant_total} = 18000</msg>
<status status="PASS" starttime="20230520 15:39:02.037" endtime="20230520 15:39:02.039"/>
</kw>
<kw name="Evaluate" library="BuiltIn">
<var>${solde}</var>
<arg>${montant_prelevement} - ${montant_apport_monnaie}</arg>
<doc>Evaluates the given expression in Python and returns the result.</doc>
<msg timestamp="20230520 15:39:02.040" level="INFO">${solde} = 11000</msg>
<status status="PASS" starttime="20230520 15:39:02.040" endtime="20230520 15:39:02.040"/>
</kw>
<kw name="Run Keyword If" library="BuiltIn">
<var>${solde_valid}</var>
<arg>'${montant_total}'=='${solde}'</arg>
<arg>Set Variable</arg>
<arg>${True}</arg>
<arg>ELSE</arg>
<arg>Set Variable</arg>
<arg>${False}</arg>
<doc>Runs the given keyword with the given arguments, if ``condition`` is true.</doc>
<kw name="Set Variable" library="BuiltIn">
<arg>${False}</arg>
<doc>Returns the given values which can then be assigned to a variables.</doc>
<status status="PASS" starttime="20230520 15:39:02.041" endtime="20230520 15:39:02.042"/>
</kw>
<msg timestamp="20230520 15:39:02.042" level="INFO">${solde_valid} = False</msg>
<status status="PASS" starttime="20230520 15:39:02.041" endtime="20230520 15:39:02.042"/>
</kw>
<msg timestamp="20230520 15:39:02.042" level="INFO">${solde} = False</msg>
<status status="PASS" starttime="20230520 15:39:02.037" endtime="20230520 15:39:02.042"/>
</kw>
<status status="PASS" starttime="20230520 15:39:01.868" endtime="20230520 15:39:02.043"/>
</test>
<kw name="Disconnect From Database" library="DatabaseLibrary" type="TEARDOWN">
<doc>Disconnects from the database.</doc>
<msg timestamp="20230520 15:39:02.044" level="INFO">Executing : Disconnect From Database</msg>
<status status="PASS" starttime="20230520 15:39:02.043" endtime="20230520 15:39:02.044"/>
</kw>
<doc>Automatisation du processus d'insertion de donnée dans une base d'un fichier excel</doc>
<status status="PASS" starttime="20230520 15:39:01.030" endtime="20230520 15:39:02.044"/>
</suite>
<statistics>
<total>
<stat pass="1" fail="0" skip="0">All Tests</stat>
</total>
<tag>
</tag>
<suite>
<stat pass="1" fail="0" skip="0" id="s1" name="Rpa Caisse">Rpa Caisse</stat>
</suite>
</statistics>
<errors>
</errors>
</robot>
